<?xml version="1.0" encoding="UTF-8"?>
<testng-results ignored="0" total="1" passed="1" failed="0" skipped="0">
  <reporter-output>
  </reporter-output>
  <suite started-at="2025-01-28T00:21:23 IST" name="Default suite" finished-at="2025-01-28T00:21:37 IST" duration-ms="13537">
    <groups>
    </groups>
    <test started-at="2025-01-28T00:21:23 IST" name="Default test" finished-at="2025-01-28T00:21:37 IST" duration-ms="13537">
      <class name="testcase.POS_TestCases">
        <test-method is-config="true" signature="setup()[pri:0, instance:testcase.POS_TestCases@1fa268de]" started-at="2025-01-28T00:21:23 IST" name="setup" finished-at="2025-01-28T00:21:33 IST" duration-ms="9880" status="PASS">
          <reporter-output>
          </reporter-output>
        </test-method> <!-- setup -->
        <test-method signature="POS()[pri:0, instance:testcase.POS_TestCases@1fa268de]" started-at="2025-01-28T00:21:33 IST" name="POS" finished-at="2025-01-28T00:21:37 IST" duration-ms="3317" status="PASS">
          <reporter-output>
          </reporter-output>
        </test-method> <!-- POS -->
        <test-method is-config="true" signature="Tear()[pri:0, instance:testcase.POS_TestCases@1fa268de]" started-at="2025-01-28T00:21:37 IST" name="Tear" finished-at="2025-01-28T00:21:37 IST" duration-ms="273" status="PASS">
          <reporter-output>
          </reporter-output>
        </test-method> <!-- Tear -->
      </class> <!-- testcase.POS_TestCases -->
    </test> <!-- Default test -->
  </suite> <!-- Default suite -->
</testng-results>
